
AVRASM ver. 2.1.30  E:\Dars\Term 7\Az Riz\Tamrin ha\HW03\Frequency\C Code\Debug\List\Frequency.asm Fri Jan 01 01:10:10 2021

E:\Dars\Term 7\Az Riz\Tamrin ha\HW03\Frequency\C Code\Debug\List\Frequency.asm(1088): warning: Register r5 already defined by the .DEF directive
E:\Dars\Term 7\Az Riz\Tamrin ha\HW03\Frequency\C Code\Debug\List\Frequency.asm(1089): warning: Register r6 already defined by the .DEF directive
E:\Dars\Term 7\Az Riz\Tamrin ha\HW03\Frequency\C Code\Debug\List\Frequency.asm(1090): warning: Register r7 already defined by the .DEF directive
E:\Dars\Term 7\Az Riz\Tamrin ha\HW03\Frequency\C Code\Debug\List\Frequency.asm(1091): warning: Register r8 already defined by the .DEF directive
E:\Dars\Term 7\Az Riz\Tamrin ha\HW03\Frequency\C Code\Debug\List\Frequency.asm(1092): warning: Register r9 already defined by the .DEF directive
E:\Dars\Term 7\Az Riz\Tamrin ha\HW03\Frequency\C Code\Debug\List\Frequency.asm(1093): warning: Register r10 already defined by the .DEF directive
E:\Dars\Term 7\Az Riz\Tamrin ha\HW03\Frequency\C Code\Debug\List\Frequency.asm(1094): warning: Register r11 already defined by the .DEF directive
E:\Dars\Term 7\Az Riz\Tamrin ha\HW03\Frequency\C Code\Debug\List\Frequency.asm(1095): warning: Register r4 already defined by the .DEF directive
E:\Dars\Term 7\Az Riz\Tamrin ha\HW03\Frequency\C Code\Debug\List\Frequency.asm(1096): warning: Register r13 already defined by the .DEF directive
E:\Dars\Term 7\Az Riz\Tamrin ha\HW03\Frequency\C Code\Debug\List\Frequency.asm(1097): warning: Register r12 already defined by the .DEF directive
                 
                 
                 ;CodeVisionAVR C Compiler V3.12 Advanced
                 ;(C) Copyright 1998-2014 Pavel Haiduc, HP InfoTech s.r.l.
                 ;http://www.hpinfotech.com
                 
                 ;Build configuration    : Debug
                 ;Chip type              : ATmega16
                 ;Program type           : Application
                 ;Clock frequency        : 12.000000 MHz
                 ;Memory model           : Small
                 ;Optimize for           : Size
                 ;(s)printf features     : int, width
                 ;(s)scanf features      : int, width
                 ;External RAM size      : 0
                 ;Data Stack size        : 256 byte(s)
                 ;Heap size              : 0 byte(s)
                 ;Promote 'char' to 'int': Yes
                 ;'char' is unsigned     : Yes
                 ;8 bit enums            : Yes
                 ;Global 'const' stored in FLASH: Yes
                 ;Enhanced function parameter passing: Yes
                 ;Enhanced core instructions: On
                 ;Automatic register allocation for global variables: On
                 ;Smart register allocation: On
                 
                 	#define _MODEL_SMALL_
                 
                 	#pragma AVRPART ADMIN PART_NAME ATmega16
                 	#pragma AVRPART MEMORY PROG_FLASH 16384
                 	#pragma AVRPART MEMORY EEPROM 512
                 	#pragma AVRPART MEMORY INT_SRAM SIZE 1024
                 	#pragma AVRPART MEMORY INT_SRAM START_ADDR 0x60
                 
                 	#define CALL_SUPPORTED 1
                 
                 	.LISTMAC
                 	.EQU UDRE=0x5
                 	.EQU RXC=0x7
                 	.EQU USR=0xB
                 	.EQU UDR=0xC
                 	.EQU SPSR=0xE
                 	.EQU SPDR=0xF
                 	.EQU EERE=0x0
                 	.EQU EEWE=0x1
                 	.EQU EEMWE=0x2
                 	.EQU EECR=0x1C
                 	.EQU EEDR=0x1D
                 	.EQU EEARL=0x1E
                 	.EQU EEARH=0x1F
                 	.EQU WDTCR=0x21
                 	.EQU MCUCR=0x35
                 	.EQU GICR=0x3B
                 	.EQU SPL=0x3D
                 	.EQU SPH=0x3E
                 	.EQU SREG=0x3F
                 
                 	.DEF R0X0=R0
                 	.DEF R0X1=R1
                 	.DEF R0X2=R2
                 	.DEF R0X3=R3
                 	.DEF R0X4=R4
                 	.DEF R0X5=R5
                 	.DEF R0X6=R6
                 	.DEF R0X7=R7
                 	.DEF R0X8=R8
                 	.DEF R0X9=R9
                 	.DEF R0XA=R10
                 	.DEF R0XB=R11
                 	.DEF R0XC=R12
                 	.DEF R0XD=R13
                 	.DEF R0XE=R14
                 	.DEF R0XF=R15
                 	.DEF R0X10=R16
                 	.DEF R0X11=R17
                 	.DEF R0X12=R18
                 	.DEF R0X13=R19
                 	.DEF R0X14=R20
                 	.DEF R0X15=R21
                 	.DEF R0X16=R22
                 	.DEF R0X17=R23
                 	.DEF R0X18=R24
                 	.DEF R0X19=R25
                 	.DEF R0X1A=R26
                 	.DEF R0X1B=R27
                 	.DEF R0X1C=R28
                 	.DEF R0X1D=R29
                 	.DEF R0X1E=R30
                 	.DEF R0X1F=R31
                 
                 	.EQU __SRAM_START=0x0060
                 	.EQU __SRAM_END=0x045F
                 	.EQU __DSTACK_SIZE=0x0100
                 	.EQU __HEAP_SIZE=0x0000
                 	.EQU __CLEAR_SRAM_SIZE=__SRAM_END-__SRAM_START+1
                 
                 	.MACRO __CPD1N
                 	CPI  R30,LOW(@0)
                 	LDI  R26,HIGH(@0)
                 	CPC  R31,R26
                 	LDI  R26,BYTE3(@0)
                 	CPC  R22,R26
                 	LDI  R26,BYTE4(@0)
                 	CPC  R23,R26
                 	.ENDM
                 
                 	.MACRO __CPD2N
                 	CPI  R26,LOW(@0)
                 	LDI  R30,HIGH(@0)
                 	CPC  R27,R30
                 	LDI  R30,BYTE3(@0)
                 	CPC  R24,R30
                 	LDI  R30,BYTE4(@0)
                 	CPC  R25,R30
                 	.ENDM
                 
                 	.MACRO __CPWRR
                 	CP   R@0,R@2
                 	CPC  R@1,R@3
                 	.ENDM
                 
                 	.MACRO __CPWRN
                 	CPI  R@0,LOW(@2)
                 	LDI  R30,HIGH(@2)
                 	CPC  R@1,R30
                 	.ENDM
                 
                 	.MACRO __ADDB1MN
                 	SUBI R30,LOW(-@0-(@1))
                 	.ENDM
                 
                 	.MACRO __ADDB2MN
                 	SUBI R26,LOW(-@0-(@1))
                 	.ENDM
                 
                 	.MACRO __ADDW1MN
                 	SUBI R30,LOW(-@0-(@1))
                 	SBCI R31,HIGH(-@0-(@1))
                 	.ENDM
                 
                 	.MACRO __ADDW2MN
                 	SUBI R26,LOW(-@0-(@1))
                 	SBCI R27,HIGH(-@0-(@1))
                 	.ENDM
                 
                 	.MACRO __ADDW1FN
                 	SUBI R30,LOW(-2*@0-(@1))
                 	SBCI R31,HIGH(-2*@0-(@1))
                 	.ENDM
                 
                 	.MACRO __ADDD1FN
                 	SUBI R30,LOW(-2*@0-(@1))
                 	SBCI R31,HIGH(-2*@0-(@1))
                 	SBCI R22,BYTE3(-2*@0-(@1))
                 	.ENDM
                 
                 	.MACRO __ADDD1N
                 	SUBI R30,LOW(-@0)
                 	SBCI R31,HIGH(-@0)
                 	SBCI R22,BYTE3(-@0)
                 	SBCI R23,BYTE4(-@0)
                 	.ENDM
                 
                 	.MACRO __ADDD2N
                 	SUBI R26,LOW(-@0)
                 	SBCI R27,HIGH(-@0)
                 	SBCI R24,BYTE3(-@0)
                 	SBCI R25,BYTE4(-@0)
                 	.ENDM
                 
                 	.MACRO __SUBD1N
                 	SUBI R30,LOW(@0)
                 	SBCI R31,HIGH(@0)
                 	SBCI R22,BYTE3(@0)
                 	SBCI R23,BYTE4(@0)
                 	.ENDM
                 
                 	.MACRO __SUBD2N
                 	SUBI R26,LOW(@0)
                 	SBCI R27,HIGH(@0)
                 	SBCI R24,BYTE3(@0)
                 	SBCI R25,BYTE4(@0)
                 	.ENDM
                 
                 	.MACRO __ANDBMNN
                 	LDS  R30,@0+(@1)
                 	ANDI R30,LOW(@2)
                 	STS  @0+(@1),R30
                 	.ENDM
                 
                 	.MACRO __ANDWMNN
                 	LDS  R30,@0+(@1)
                 	ANDI R30,LOW(@2)
                 	STS  @0+(@1),R30
                 	LDS  R30,@0+(@1)+1
                 	ANDI R30,HIGH(@2)
                 	STS  @0+(@1)+1,R30
                 	.ENDM
                 
                 	.MACRO __ANDD1N
                 	ANDI R30,LOW(@0)
                 	ANDI R31,HIGH(@0)
                 	ANDI R22,BYTE3(@0)
                 	ANDI R23,BYTE4(@0)
                 	.ENDM
                 
                 	.MACRO __ANDD2N
                 	ANDI R26,LOW(@0)
                 	ANDI R27,HIGH(@0)
                 	ANDI R24,BYTE3(@0)
                 	ANDI R25,BYTE4(@0)
                 	.ENDM
                 
                 	.MACRO __ORBMNN
                 	LDS  R30,@0+(@1)
                 	ORI  R30,LOW(@2)
                 	STS  @0+(@1),R30
                 	.ENDM
                 
                 	.MACRO __ORWMNN
                 	LDS  R30,@0+(@1)
                 	ORI  R30,LOW(@2)
                 	STS  @0+(@1),R30
                 	LDS  R30,@0+(@1)+1
                 	ORI  R30,HIGH(@2)
                 	STS  @0+(@1)+1,R30
                 	.ENDM
                 
                 	.MACRO __ORD1N
                 	ORI  R30,LOW(@0)
                 	ORI  R31,HIGH(@0)
                 	ORI  R22,BYTE3(@0)
                 	ORI  R23,BYTE4(@0)
                 	.ENDM
                 
                 	.MACRO __ORD2N
                 	ORI  R26,LOW(@0)
                 	ORI  R27,HIGH(@0)
                 	ORI  R24,BYTE3(@0)
                 	ORI  R25,BYTE4(@0)
                 	.ENDM
                 
                 	.MACRO __DELAY_USB
                 	LDI  R24,LOW(@0)
                 __DELAY_USB_LOOP:
                 	DEC  R24
                 	BRNE __DELAY_USB_LOOP
                 	.ENDM
                 
                 	.MACRO __DELAY_USW
                 	LDI  R24,LOW(@0)
                 	LDI  R25,HIGH(@0)
                 __DELAY_USW_LOOP:
                 	SBIW R24,1
                 	BRNE __DELAY_USW_LOOP
                 	.ENDM
                 
                 	.MACRO __GETD1S
                 	LDD  R30,Y+@0
                 	LDD  R31,Y+@0+1
                 	LDD  R22,Y+@0+2
                 	LDD  R23,Y+@0+3
                 	.ENDM
                 
                 	.MACRO __GETD2S
                 	LDD  R26,Y+@0
                 	LDD  R27,Y+@0+1
                 	LDD  R24,Y+@0+2
                 	LDD  R25,Y+@0+3
                 	.ENDM
                 
                 	.MACRO __PUTD1S
                 	STD  Y+@0,R30
                 	STD  Y+@0+1,R31
                 	STD  Y+@0+2,R22
                 	STD  Y+@0+3,R23
                 	.ENDM
                 
                 	.MACRO __PUTD2S
                 	STD  Y+@0,R26
                 	STD  Y+@0+1,R27
                 	STD  Y+@0+2,R24
                 	STD  Y+@0+3,R25
                 	.ENDM
                 
                 	.MACRO __PUTDZ2
                 	STD  Z+@0,R26
                 	STD  Z+@0+1,R27
                 	STD  Z+@0+2,R24
                 	STD  Z+@0+3,R25
                 	.ENDM
                 
                 	.MACRO __CLRD1S
                 	STD  Y+@0,R30
                 	STD  Y+@0+1,R30
                 	STD  Y+@0+2,R30
                 	STD  Y+@0+3,R30
                 	.ENDM
                 
                 	.MACRO __POINTB1MN
                 	LDI  R30,LOW(@0+(@1))
                 	.ENDM
                 
                 	.MACRO __POINTW1MN
                 	LDI  R30,LOW(@0+(@1))
                 	LDI  R31,HIGH(@0+(@1))
                 	.ENDM
                 
                 	.MACRO __POINTD1M
                 	LDI  R30,LOW(@0)
                 	LDI  R31,HIGH(@0)
                 	LDI  R22,BYTE3(@0)
                 	LDI  R23,BYTE4(@0)
                 	.ENDM
                 
                 	.MACRO __POINTW1FN
                 	LDI  R30,LOW(2*@0+(@1))
                 	LDI  R31,HIGH(2*@0+(@1))
                 	.ENDM
                 
                 	.MACRO __POINTD1FN
                 	LDI  R30,LOW(2*@0+(@1))
                 	LDI  R31,HIGH(2*@0+(@1))
                 	LDI  R22,BYTE3(2*@0+(@1))
                 	LDI  R23,BYTE4(2*@0+(@1))
                 	.ENDM
                 
                 	.MACRO __POINTB2MN
                 	LDI  R26,LOW(@0+(@1))
                 	.ENDM
                 
                 	.MACRO __POINTW2MN
                 	LDI  R26,LOW(@0+(@1))
                 	LDI  R27,HIGH(@0+(@1))
                 	.ENDM
                 
                 	.MACRO __POINTW2FN
                 	LDI  R26,LOW(2*@0+(@1))
                 	LDI  R27,HIGH(2*@0+(@1))
                 	.ENDM
                 
                 	.MACRO __POINTD2FN
                 	LDI  R26,LOW(2*@0+(@1))
                 	LDI  R27,HIGH(2*@0+(@1))
                 	LDI  R24,BYTE3(2*@0+(@1))
                 	LDI  R25,BYTE4(2*@0+(@1))
                 	.ENDM
                 
                 	.MACRO __POINTBRM
                 	LDI  R@0,LOW(@1)
                 	.ENDM
                 
                 	.MACRO __POINTWRM
                 	LDI  R@0,LOW(@2)
                 	LDI  R@1,HIGH(@2)
                 	.ENDM
                 
                 	.MACRO __POINTBRMN
                 	LDI  R@0,LOW(@1+(@2))
                 	.ENDM
                 
                 	.MACRO __POINTWRMN
                 	LDI  R@0,LOW(@2+(@3))
                 	LDI  R@1,HIGH(@2+(@3))
                 	.ENDM
                 
                 	.MACRO __POINTWRFN
                 	LDI  R@0,LOW(@2*2+(@3))
                 	LDI  R@1,HIGH(@2*2+(@3))
                 	.ENDM
                 
                 	.MACRO __GETD1N
                 	LDI  R30,LOW(@0)
                 	LDI  R31,HIGH(@0)
                 	LDI  R22,BYTE3(@0)
                 	LDI  R23,BYTE4(@0)
                 	.ENDM
                 
                 	.MACRO __GETD2N
                 	LDI  R26,LOW(@0)
                 	LDI  R27,HIGH(@0)
                 	LDI  R24,BYTE3(@0)
                 	LDI  R25,BYTE4(@0)
                 	.ENDM
                 
                 	.MACRO __GETB1MN
                 	LDS  R30,@0+(@1)
                 	.ENDM
                 
                 	.MACRO __GETB1HMN
                 	LDS  R31,@0+(@1)
                 	.ENDM
                 
                 	.MACRO __GETW1MN
                 	LDS  R30,@0+(@1)
                 	LDS  R31,@0+(@1)+1
                 	.ENDM
                 
                 	.MACRO __GETD1MN
                 	LDS  R30,@0+(@1)
                 	LDS  R31,@0+(@1)+1
                 	LDS  R22,@0+(@1)+2
                 	LDS  R23,@0+(@1)+3
                 	.ENDM
                 
                 	.MACRO __GETBRMN
                 	LDS  R@0,@1+(@2)
                 	.ENDM
                 
                 	.MACRO __GETWRMN
                 	LDS  R@0,@2+(@3)
                 	LDS  R@1,@2+(@3)+1
                 	.ENDM
                 
                 	.MACRO __GETWRZ
                 	LDD  R@0,Z+@2
                 	LDD  R@1,Z+@2+1
                 	.ENDM
                 
                 	.MACRO __GETD2Z
                 	LDD  R26,Z+@0
                 	LDD  R27,Z+@0+1
                 	LDD  R24,Z+@0+2
                 	LDD  R25,Z+@0+3
                 	.ENDM
                 
                 	.MACRO __GETB2MN
                 	LDS  R26,@0+(@1)
                 	.ENDM
                 
                 	.MACRO __GETW2MN
                 	LDS  R26,@0+(@1)
                 	LDS  R27,@0+(@1)+1
                 	.ENDM
                 
                 	.MACRO __GETD2MN
                 	LDS  R26,@0+(@1)
                 	LDS  R27,@0+(@1)+1
                 	LDS  R24,@0+(@1)+2
                 	LDS  R25,@0+(@1)+3
                 	.ENDM
                 
                 	.MACRO __PUTB1MN
                 	STS  @0+(@1),R30
                 	.ENDM
                 
                 	.MACRO __PUTW1MN
                 	STS  @0+(@1),R30
                 	STS  @0+(@1)+1,R31
                 	.ENDM
                 
                 	.MACRO __PUTD1MN
                 	STS  @0+(@1),R30
                 	STS  @0+(@1)+1,R31
                 	STS  @0+(@1)+2,R22
                 	STS  @0+(@1)+3,R23
                 	.ENDM
                 
                 	.MACRO __PUTB1EN
                 	LDI  R26,LOW(@0+(@1))
                 	LDI  R27,HIGH(@0+(@1))
                 	CALL __EEPROMWRB
                 	.ENDM
                 
                 	.MACRO __PUTW1EN
                 	LDI  R26,LOW(@0+(@1))
                 	LDI  R27,HIGH(@0+(@1))
                 	CALL __EEPROMWRW
                 	.ENDM
                 
                 	.MACRO __PUTD1EN
                 	LDI  R26,LOW(@0+(@1))
                 	LDI  R27,HIGH(@0+(@1))
                 	CALL __EEPROMWRD
                 	.ENDM
                 
                 	.MACRO __PUTBR0MN
                 	STS  @0+(@1),R0
                 	.ENDM
                 
                 	.MACRO __PUTBMRN
                 	STS  @0+(@1),R@2
                 	.ENDM
                 
                 	.MACRO __PUTWMRN
                 	STS  @0+(@1),R@2
                 	STS  @0+(@1)+1,R@3
                 	.ENDM
                 
                 	.MACRO __PUTBZR
                 	STD  Z+@1,R@0
                 	.ENDM
                 
                 	.MACRO __PUTWZR
                 	STD  Z+@2,R@0
                 	STD  Z+@2+1,R@1
                 	.ENDM
                 
                 	.MACRO __GETW1R
                 	MOV  R30,R@0
                 	MOV  R31,R@1
                 	.ENDM
                 
                 	.MACRO __GETW2R
                 	MOV  R26,R@0
                 	MOV  R27,R@1
                 	.ENDM
                 
                 	.MACRO __GETWRN
                 	LDI  R@0,LOW(@2)
                 	LDI  R@1,HIGH(@2)
                 	.ENDM
                 
                 	.MACRO __PUTW1R
                 	MOV  R@0,R30
                 	MOV  R@1,R31
                 	.ENDM
                 
                 	.MACRO __PUTW2R
                 	MOV  R@0,R26
                 	MOV  R@1,R27
                 	.ENDM
                 
                 	.MACRO __ADDWRN
                 	SUBI R@0,LOW(-@2)
                 	SBCI R@1,HIGH(-@2)
                 	.ENDM
                 
                 	.MACRO __ADDWRR
                 	ADD  R@0,R@2
                 	ADC  R@1,R@3
                 	.ENDM
                 
                 	.MACRO __SUBWRN
                 	SUBI R@0,LOW(@2)
                 	SBCI R@1,HIGH(@2)
                 	.ENDM
                 
                 	.MACRO __SUBWRR
                 	SUB  R@0,R@2
                 	SBC  R@1,R@3
                 	.ENDM
                 
                 	.MACRO __ANDWRN
                 	ANDI R@0,LOW(@2)
                 	ANDI R@1,HIGH(@2)
                 	.ENDM
                 
                 	.MACRO __ANDWRR
                 	AND  R@0,R@2
                 	AND  R@1,R@3
                 	.ENDM
                 
                 	.MACRO __ORWRN
                 	ORI  R@0,LOW(@2)
                 	ORI  R@1,HIGH(@2)
                 	.ENDM
                 
                 	.MACRO __ORWRR
                 	OR   R@0,R@2
                 	OR   R@1,R@3
                 	.ENDM
                 
                 	.MACRO __EORWRR
                 	EOR  R@0,R@2
                 	EOR  R@1,R@3
                 	.ENDM
                 
                 	.MACRO __GETWRS
                 	LDD  R@0,Y+@2
                 	LDD  R@1,Y+@2+1
                 	.ENDM
                 
                 	.MACRO __PUTBSR
                 	STD  Y+@1,R@0
                 	.ENDM
                 
                 	.MACRO __PUTWSR
                 	STD  Y+@2,R@0
                 	STD  Y+@2+1,R@1
                 	.ENDM
                 
                 	.MACRO __MOVEWRR
                 	MOV  R@0,R@2
                 	MOV  R@1,R@3
                 	.ENDM
                 
                 	.MACRO __INWR
                 	IN   R@0,@2
                 	IN   R@1,@2+1
                 	.ENDM
                 
                 	.MACRO __OUTWR
                 	OUT  @2+1,R@1
                 	OUT  @2,R@0
                 	.ENDM
                 
                 	.MACRO __CALL1MN
                 	LDS  R30,@0+(@1)
                 	LDS  R31,@0+(@1)+1
                 	ICALL
                 	.ENDM
                 
                 	.MACRO __CALL1FN
                 	LDI  R30,LOW(2*@0+(@1))
                 	LDI  R31,HIGH(2*@0+(@1))
                 	CALL __GETW1PF
                 	ICALL
                 	.ENDM
                 
                 	.MACRO __CALL2EN
                 	PUSH R26
                 	PUSH R27
                 	LDI  R26,LOW(@0+(@1))
                 	LDI  R27,HIGH(@0+(@1))
                 	CALL __EEPROMRDW
                 	POP  R27
                 	POP  R26
                 	ICALL
                 	.ENDM
                 
                 	.MACRO __CALL2EX
                 	SUBI R26,LOW(-@0)
                 	SBCI R27,HIGH(-@0)
                 	CALL __EEPROMRDD
                 	ICALL
                 	.ENDM
                 
                 	.MACRO __GETW1STACK
                 	IN   R30,SPL
                 	IN   R31,SPH
                 	ADIW R30,@0+1
                 	LD   R0,Z+
                 	LD   R31,Z
                 	MOV  R30,R0
                 	.ENDM
                 
                 	.MACRO __GETD1STACK
                 	IN   R30,SPL
                 	IN   R31,SPH
                 	ADIW R30,@0+1
                 	LD   R0,Z+
                 	LD   R1,Z+
                 	LD   R22,Z
                 	MOVW R30,R0
                 	.ENDM
                 
                 	.MACRO __NBST
                 	BST  R@0,@1
                 	IN   R30,SREG
                 	LDI  R31,0x40
                 	EOR  R30,R31
                 	OUT  SREG,R30
                 	.ENDM
                 
                 
                 	.MACRO __PUTB1SN
                 	LDD  R26,Y+@0
                 	LDD  R27,Y+@0+1
                 	SUBI R26,LOW(-@1)
                 	SBCI R27,HIGH(-@1)
                 	ST   X,R30
                 	.ENDM
                 
                 	.MACRO __PUTW1SN
                 	LDD  R26,Y+@0
                 	LDD  R27,Y+@0+1
                 	SUBI R26,LOW(-@1)
                 	SBCI R27,HIGH(-@1)
                 	ST   X+,R30
                 	ST   X,R31
                 	.ENDM
                 
                 	.MACRO __PUTD1SN
                 	LDD  R26,Y+@0
                 	LDD  R27,Y+@0+1
                 	SUBI R26,LOW(-@1)
                 	SBCI R27,HIGH(-@1)
                 	CALL __PUTDP1
                 	.ENDM
                 
                 	.MACRO __PUTB1SNS
                 	LDD  R26,Y+@0
                 	LDD  R27,Y+@0+1
                 	ADIW R26,@1
                 	ST   X,R30
                 	.ENDM
                 
                 	.MACRO __PUTW1SNS
                 	LDD  R26,Y+@0
                 	LDD  R27,Y+@0+1
                 	ADIW R26,@1
                 	ST   X+,R30
                 	ST   X,R31
                 	.ENDM
                 
                 	.MACRO __PUTD1SNS
                 	LDD  R26,Y+@0
                 	LDD  R27,Y+@0+1
                 	ADIW R26,@1
                 	CALL __PUTDP1
                 	.ENDM
                 
                 	.MACRO __PUTB1PMN
                 	LDS  R26,@0
                 	LDS  R27,@0+1
                 	SUBI R26,LOW(-@1)
                 	SBCI R27,HIGH(-@1)
                 	ST   X,R30
                 	.ENDM
                 
                 	.MACRO __PUTW1PMN
                 	LDS  R26,@0
                 	LDS  R27,@0+1
                 	SUBI R26,LOW(-@1)
                 	SBCI R27,HIGH(-@1)
                 	ST   X+,R30
                 	ST   X,R31
                 	.ENDM
                 
                 	.MACRO __PUTD1PMN
                 	LDS  R26,@0
                 	LDS  R27,@0+1
                 	SUBI R26,LOW(-@1)
                 	SBCI R27,HIGH(-@1)
                 	CALL __PUTDP1
                 	.ENDM
                 
                 	.MACRO __PUTB1PMNS
                 	LDS  R26,@0
                 	LDS  R27,@0+1
                 	ADIW R26,@1
                 	ST   X,R30
                 	.ENDM
                 
                 	.MACRO __PUTW1PMNS
                 	LDS  R26,@0
                 	LDS  R27,@0+1
                 	ADIW R26,@1
                 	ST   X+,R30
                 	ST   X,R31
                 	.ENDM
                 
                 	.MACRO __PUTD1PMNS
                 	LDS  R26,@0
                 	LDS  R27,@0+1
                 	ADIW R26,@1
                 	CALL __PUTDP1
                 	.ENDM
                 
                 	.MACRO __PUTB1RN
                 	MOVW R26,R@0
                 	SUBI R26,LOW(-@1)
                 	SBCI R27,HIGH(-@1)
                 	ST   X,R30
                 	.ENDM
                 
                 	.MACRO __PUTW1RN
                 	MOVW R26,R@0
                 	SUBI R26,LOW(-@1)
                 	SBCI R27,HIGH(-@1)
                 	ST   X+,R30
                 	ST   X,R31
                 	.ENDM
                 
                 	.MACRO __PUTD1RN
                 	MOVW R26,R@0
                 	SUBI R26,LOW(-@1)
                 	SBCI R27,HIGH(-@1)
                 	CALL __PUTDP1
                 	.ENDM
                 
                 	.MACRO __PUTB1RNS
                 	MOVW R26,R@0
                 	ADIW R26,@1
                 	ST   X,R30
                 	.ENDM
                 
                 	.MACRO __PUTW1RNS
                 	MOVW R26,R@0
                 	ADIW R26,@1
                 	ST   X+,R30
                 	ST   X,R31
                 	.ENDM
                 
                 	.MACRO __PUTD1RNS
                 	MOVW R26,R@0
                 	ADIW R26,@1
                 	CALL __PUTDP1
                 	.ENDM
                 
                 	.MACRO __PUTB1RON
                 	MOV  R26,R@0
                 	MOV  R27,R@1
                 	SUBI R26,LOW(-@2)
                 	SBCI R27,HIGH(-@2)
                 	ST   X,R30
                 	.ENDM
                 
                 	.MACRO __PUTW1RON
                 	MOV  R26,R@0
                 	MOV  R27,R@1
                 	SUBI R26,LOW(-@2)
                 	SBCI R27,HIGH(-@2)
                 	ST   X+,R30
                 	ST   X,R31
                 	.ENDM
                 
                 	.MACRO __PUTD1RON
                 	MOV  R26,R@0
                 	MOV  R27,R@1
                 	SUBI R26,LOW(-@2)
                 	SBCI R27,HIGH(-@2)
                 	CALL __PUTDP1
                 	.ENDM
                 
                 	.MACRO __PUTB1RONS
                 	MOV  R26,R@0
                 	MOV  R27,R@1
                 	ADIW R26,@2
                 	ST   X,R30
                 	.ENDM
                 
                 	.MACRO __PUTW1RONS
                 	MOV  R26,R@0
                 	MOV  R27,R@1
                 	ADIW R26,@2
                 	ST   X+,R30
                 	ST   X,R31
                 	.ENDM
                 
                 	.MACRO __PUTD1RONS
                 	MOV  R26,R@0
                 	MOV  R27,R@1
                 	ADIW R26,@2
                 	CALL __PUTDP1
                 	.ENDM
                 
                 
                 	.MACRO __GETB1SX
                 	MOVW R30,R28
                 	SUBI R30,LOW(-@0)
                 	SBCI R31,HIGH(-@0)
                 	LD   R30,Z
                 	.ENDM
                 
                 	.MACRO __GETB1HSX
                 	MOVW R30,R28
                 	SUBI R30,LOW(-@0)
                 	SBCI R31,HIGH(-@0)
                 	LD   R31,Z
                 	.ENDM
                 
                 	.MACRO __GETW1SX
                 	MOVW R30,R28
                 	SUBI R30,LOW(-@0)
                 	SBCI R31,HIGH(-@0)
                 	LD   R0,Z+
                 	LD   R31,Z
                 	MOV  R30,R0
                 	.ENDM
                 
                 	.MACRO __GETD1SX
                 	MOVW R30,R28
                 	SUBI R30,LOW(-@0)
                 	SBCI R31,HIGH(-@0)
                 	LD   R0,Z+
                 	LD   R1,Z+
                 	LD   R22,Z+
                 	LD   R23,Z
                 	MOVW R30,R0
                 	.ENDM
                 
                 	.MACRO __GETB2SX
                 	MOVW R26,R28
                 	SUBI R26,LOW(-@0)
                 	SBCI R27,HIGH(-@0)
                 	LD   R26,X
                 	.ENDM
                 
                 	.MACRO __GETW2SX
                 	MOVW R26,R28
                 	SUBI R26,LOW(-@0)
                 	SBCI R27,HIGH(-@0)
                 	LD   R0,X+
                 	LD   R27,X
                 	MOV  R26,R0
                 	.ENDM
                 
                 	.MACRO __GETD2SX
                 	MOVW R26,R28
                 	SUBI R26,LOW(-@0)
                 	SBCI R27,HIGH(-@0)
                 	LD   R0,X+
                 	LD   R1,X+
                 	LD   R24,X+
                 	LD   R25,X
                 	MOVW R26,R0
                 	.ENDM
                 
                 	.MACRO __GETBRSX
                 	MOVW R30,R28
                 	SUBI R30,LOW(-@1)
                 	SBCI R31,HIGH(-@1)
                 	LD   R@0,Z
                 	.ENDM
                 
                 	.MACRO __GETWRSX
                 	MOVW R30,R28
                 	SUBI R30,LOW(-@2)
                 	SBCI R31,HIGH(-@2)
                 	LD   R@0,Z+
                 	LD   R@1,Z
                 	.ENDM
                 
                 	.MACRO __GETBRSX2
                 	MOVW R26,R28
                 	SUBI R26,LOW(-@1)
                 	SBCI R27,HIGH(-@1)
                 	LD   R@0,X
                 	.ENDM
                 
                 	.MACRO __GETWRSX2
                 	MOVW R26,R28
                 	SUBI R26,LOW(-@2)
                 	SBCI R27,HIGH(-@2)
                 	LD   R@0,X+
                 	LD   R@1,X
                 	.ENDM
                 
                 	.MACRO __LSLW8SX
                 	MOVW R30,R28
                 	SUBI R30,LOW(-@0)
                 	SBCI R31,HIGH(-@0)
                 	LD   R31,Z
                 	CLR  R30
                 	.ENDM
                 
                 	.MACRO __PUTB1SX
                 	MOVW R26,R28
                 	SUBI R26,LOW(-@0)
                 	SBCI R27,HIGH(-@0)
                 	ST   X,R30
                 	.ENDM
                 
                 	.MACRO __PUTW1SX
                 	MOVW R26,R28
                 	SUBI R26,LOW(-@0)
                 	SBCI R27,HIGH(-@0)
                 	ST   X+,R30
                 	ST   X,R31
                 	.ENDM
                 
                 	.MACRO __PUTD1SX
                 	MOVW R26,R28
                 	SUBI R26,LOW(-@0)
                 	SBCI R27,HIGH(-@0)
                 	ST   X+,R30
                 	ST   X+,R31
                 	ST   X+,R22
                 	ST   X,R23
                 	.ENDM
                 
                 	.MACRO __CLRW1SX
                 	MOVW R26,R28
                 	SUBI R26,LOW(-@0)
                 	SBCI R27,HIGH(-@0)
                 	ST   X+,R30
                 	ST   X,R30
                 	.ENDM
                 
                 	.MACRO __CLRD1SX
                 	MOVW R26,R28
                 	SUBI R26,LOW(-@0)
                 	SBCI R27,HIGH(-@0)
                 	ST   X+,R30
                 	ST   X+,R30
                 	ST   X+,R30
                 	ST   X,R30
                 	.ENDM
                 
                 	.MACRO __PUTB2SX
                 	MOVW R30,R28
                 	SUBI R30,LOW(-@0)
                 	SBCI R31,HIGH(-@0)
                 	ST   Z,R26
                 	.ENDM
                 
                 	.MACRO __PUTW2SX
                 	MOVW R30,R28
                 	SUBI R30,LOW(-@0)
                 	SBCI R31,HIGH(-@0)
                 	ST   Z+,R26
                 	ST   Z,R27
                 	.ENDM
                 
                 	.MACRO __PUTD2SX
                 	MOVW R30,R28
                 	SUBI R30,LOW(-@0)
                 	SBCI R31,HIGH(-@0)
                 	ST   Z+,R26
                 	ST   Z+,R27
                 	ST   Z+,R24
                 	ST   Z,R25
                 	.ENDM
                 
                 	.MACRO __PUTBSRX
                 	MOVW R30,R28
                 	SUBI R30,LOW(-@1)
                 	SBCI R31,HIGH(-@1)
                 	ST   Z,R@0
                 	.ENDM
                 
                 	.MACRO __PUTWSRX
                 	MOVW R30,R28
                 	SUBI R30,LOW(-@2)
                 	SBCI R31,HIGH(-@2)
                 	ST   Z+,R@0
                 	ST   Z,R@1
                 	.ENDM
                 
                 	.MACRO __PUTB1SNX
                 	MOVW R26,R28
                 	SUBI R26,LOW(-@0)
                 	SBCI R27,HIGH(-@0)
                 	LD   R0,X+
                 	LD   R27,X
                 	MOV  R26,R0
                 	SUBI R26,LOW(-@1)
                 	SBCI R27,HIGH(-@1)
                 	ST   X,R30
                 	.ENDM
                 
                 	.MACRO __PUTW1SNX
                 	MOVW R26,R28
                 	SUBI R26,LOW(-@0)
                 	SBCI R27,HIGH(-@0)
                 	LD   R0,X+
                 	LD   R27,X
                 	MOV  R26,R0
                 	SUBI R26,LOW(-@1)
                 	SBCI R27,HIGH(-@1)
                 	ST   X+,R30
                 	ST   X,R31
                 	.ENDM
                 
                 	.MACRO __PUTD1SNX
                 	MOVW R26,R28
                 	SUBI R26,LOW(-@0)
                 	SBCI R27,HIGH(-@0)
                 	LD   R0,X+
                 	LD   R27,X
                 	MOV  R26,R0
                 	SUBI R26,LOW(-@1)
                 	SBCI R27,HIGH(-@1)
                 	ST   X+,R30
                 	ST   X+,R31
                 	ST   X+,R22
                 	ST   X,R23
                 	.ENDM
                 
                 	.MACRO __MULBRR
                 	MULS R@0,R@1
                 	MOVW R30,R0
                 	.ENDM
                 
                 	.MACRO __MULBRRU
                 	MUL  R@0,R@1
                 	MOVW R30,R0
                 	.ENDM
                 
                 	.MACRO __MULBRR0
                 	MULS R@0,R@1
                 	.ENDM
                 
                 	.MACRO __MULBRRU0
                 	MUL  R@0,R@1
                 	.ENDM
                 
                 	.MACRO __MULBNWRU
                 	LDI  R26,@2
                 	MUL  R26,R@0
                 	MOVW R30,R0
                 	MUL  R26,R@1
                 	ADD  R31,R0
                 	.ENDM
                 
                 ;NAME DEFINITIONS FOR GLOBAL VARIABLES ALLOCATED TO REGISTERS
                 	.DEF _counter=R5
                 	.DEF _start=R6
                 	.DEF _start_msb=R7
                 	.DEF _stop=R8
                 	.DEF _stop_msb=R9
                 	.DEF _period=R10
                 	.DEF _period_msb=R11
                 	.DEF __lcd_x=R4
                 	.DEF __lcd_y=R13
                 	.DEF __lcd_maxx=R12
                 
                 	.CSEG
                 	.ORG 0x00
                 
                 ;START OF CODE MARKER
                 __START_OF_CODE:
                 
                 ;INTERRUPT VECTORS
000000 940c 0041 	JMP  __RESET
000002 940c 0000 	JMP  0x00
000004 940c 0000 	JMP  0x00
000006 940c 0000 	JMP  0x00
000008 940c 0000 	JMP  0x00
00000a 940c 006e 	JMP  _timer1_capt_isr
00000c 940c 0000 	JMP  0x00
00000e 940c 0000 	JMP  0x00
000010 940c 0000 	JMP  0x00
000012 940c 0000 	JMP  0x00
000014 940c 0000 	JMP  0x00
000016 940c 0000 	JMP  0x00
000018 940c 0000 	JMP  0x00
00001a 940c 0000 	JMP  0x00
00001c 940c 0000 	JMP  0x00
00001e 940c 0000 	JMP  0x00
000020 940c 0000 	JMP  0x00
000022 940c 0000 	JMP  0x00
000024 940c 0000 	JMP  0x00
000026 940c 0000 	JMP  0x00
000028 940c 0000 	JMP  0x00
                 
                 _tbl10_G100:
00002a 2710
00002b 03e8
00002c 0064
00002d 000a      	.DB  0x10,0x27,0xE8,0x3,0x64,0x0,0xA,0x0
00002e 0001      	.DB  0x1,0x0
                 _tbl16_G100:
00002f 1000
000030 0100
000031 0010
000032 0001      	.DB  0x0,0x10,0x0,0x1,0x10,0x0,0x1,0x0
                 
                 _0x0:
000033 6425
000034 4820
000035 007a
000036 7246      	.DB  0x25,0x64,0x20,0x48,0x7A,0x0,0x46,0x72
000037 7165
000038 003a      	.DB  0x65,0x71,0x3A,0x0
                 _0x2020003:
000039 c080      	.DB  0x80,0xC0
                 
                 __GLOBAL_INI_TBL:
00003a 0006      	.DW  0x06
00003b 0160      	.DW  _0x6
00003c 006c      	.DW  _0x0*2+6
                 
00003d 0002      	.DW  0x02
00003e 017a      	.DW  __base_y_G101
00003f 0072      	.DW  _0x2020003*2
                 
                 _0xFFFFFFFF:
000040 0000      	.DW  0
                 
                 #define __GLOBAL_INI_TBL_PRESENT 1
                 
                 __RESET:
000041 94f8      	CLI
000042 27ee      	CLR  R30
000043 bbec      	OUT  EECR,R30
                 
                 ;INTERRUPT VECTORS ARE PLACED
                 ;AT THE START OF FLASH
000044 e0f1      	LDI  R31,1
000045 bffb      	OUT  GICR,R31
000046 bfeb      	OUT  GICR,R30
000047 bfe5      	OUT  MCUCR,R30
                 
                 ;CLEAR R2-R14
000048 e08d      	LDI  R24,(14-2)+1
000049 e0a2      	LDI  R26,2
00004a 27bb      	CLR  R27
                 __CLEAR_REG:
00004b 93ed      	ST   X+,R30
00004c 958a      	DEC  R24
00004d f7e9      	BRNE __CLEAR_REG
                 
                 ;CLEAR SRAM
00004e e080      	LDI  R24,LOW(__CLEAR_SRAM_SIZE)
00004f e094      	LDI  R25,HIGH(__CLEAR_SRAM_SIZE)
000050 e6a0      	LDI  R26,__SRAM_START
                 __CLEAR_SRAM:
000051 93ed      	ST   X+,R30
000052 9701      	SBIW R24,1
000053 f7e9      	BRNE __CLEAR_SRAM
                 
                 ;GLOBAL VARIABLES INITIALIZATION
000054 e7e4      	LDI  R30,LOW(__GLOBAL_INI_TBL*2)
000055 e0f0      	LDI  R31,HIGH(__GLOBAL_INI_TBL*2)
                 __GLOBAL_INI_NEXT:
000056 9185      	LPM  R24,Z+
000057 9195      	LPM  R25,Z+
000058 9700      	SBIW R24,0
000059 f061      	BREQ __GLOBAL_INI_END
00005a 91a5      	LPM  R26,Z+
00005b 91b5      	LPM  R27,Z+
00005c 9005      	LPM  R0,Z+
00005d 9015      	LPM  R1,Z+
00005e 01bf      	MOVW R22,R30
00005f 01f0      	MOVW R30,R0
                 __GLOBAL_INI_LOOP:
000060 9005      	LPM  R0,Z+
000061 920d      	ST   X+,R0
000062 9701      	SBIW R24,1
000063 f7e1      	BRNE __GLOBAL_INI_LOOP
000064 01fb      	MOVW R30,R22
000065 cff0      	RJMP __GLOBAL_INI_NEXT
                 __GLOBAL_INI_END:
                 
                 ;HARDWARE STACK POINTER INITIALIZATION
000066 e5ef      	LDI  R30,LOW(__SRAM_END-__HEAP_SIZE)
000067 bfed      	OUT  SPL,R30
000068 e0e4      	LDI  R30,HIGH(__SRAM_END-__HEAP_SIZE)
000069 bfee      	OUT  SPH,R30
                 
                 ;DATA STACK POINTER INITIALIZATION
00006a e6c0      	LDI  R28,LOW(__SRAM_START+__DSTACK_SIZE)
00006b e0d1      	LDI  R29,HIGH(__SRAM_START+__DSTACK_SIZE)
                 
00006c 940c 00ad 	JMP  _main
                 
                 	.ESEG
                 	.ORG 0
                 
                 	.DSEG
                 	.ORG 0x160
                 
                 	.CSEG
                 ;/*******************************************************
                 ;This program was created by the
                 ;CodeWizardAVR V3.12 Advanced
                 ;Automatic Program Generator
                 ;© Copyright 1998-2014 Pavel Haiduc, HP InfoTech s.r.l.
                 ;http://www.hpinfotech.com
                 ;
                 ;Project :
                 ;Version :
                 ;Date    : 1/1/2021
                 ;Author  : Roozbeh Aghili
                 ;Company : Kharazmi University
                 ;Comments: Calculating palse frequency
                 ;
                 ;
                 ;Chip type               : ATmega16
                 ;Program type            : Application
                 ;AVR Core Clock frequency: 12.000000 MHz
                 ;Memory model            : Small
                 ;External RAM size       : 0
                 ;Data Stack size         : 256
                 ;*******************************************************/
                 ;
                 ;#include <mega16.h>
                 	#ifndef __SLEEP_DEFINED__
                 	#define __SLEEP_DEFINED__
                 	.EQU __se_bit=0x40
                 	.EQU __sm_mask=0xB0
                 	.EQU __sm_powerdown=0x20
                 	.EQU __sm_powersave=0x30
                 	.EQU __sm_standby=0xA0
                 	.EQU __sm_ext_standby=0xB0
                 	.EQU __sm_adc_noise_red=0x10
                 	.SET power_ctrl_reg=mcucr
                 	#endif
                 ;#include <stdio.h>
                 ;#include <alcd.h>
                 ;#include <delay.h>
                 ;
                 ;unsigned char counter;
                 ;unsigned int start, stop, period;
                 ;long frequency;
                 ;char str[16];
                 ;
                 ;interrupt [TIM1_CAPT] void timer1_capt_isr(void){
                 ; 0000 0022 interrupt [6] void timer1_capt_isr(void){
                 
                 	.CSEG
                 _timer1_capt_isr:
                 ; .FSTART _timer1_capt_isr
00006e 920a      	ST   -Y,R0
00006f 921a      	ST   -Y,R1
000070 936a      	ST   -Y,R22
000071 937a      	ST   -Y,R23
000072 938a      	ST   -Y,R24
000073 939a      	ST   -Y,R25
000074 93aa      	ST   -Y,R26
000075 93ba      	ST   -Y,R27
000076 93ea      	ST   -Y,R30
000077 93fa      	ST   -Y,R31
000078 b7ef      	IN   R30,SREG
000079 93ea      	ST   -Y,R30
                 ; 0000 0023 stop = 256 * ICR1H + ICR1L;
00007a b5e7      	IN   R30,0x27
00007b 2ffe      	MOV  R31,R30
00007c e0e0      	LDI  R30,0
00007d 01df      	MOVW R26,R30
00007e b5e6      	IN   R30,0x26
00007f e0f0      	LDI  R31,0
000080 0fea      	ADD  R30,R26
000081 1ffb      	ADC  R31,R27
000082 014f      	MOVW R8,R30
                 ; 0000 0024 period = stop + (counter * 1000) - start;
000083 2da5      	MOV  R26,R5
000084 e0b0      	LDI  R27,0
000085 eee8      	LDI  R30,LOW(1000)
000086 e0f3      	LDI  R31,HIGH(1000)
000087 940e 0384 	CALL __MULW12
000089 0de8      	ADD  R30,R8
00008a 1df9      	ADC  R31,R9
00008b 19e6      	SUB  R30,R6
00008c 09f7      	SBC  R31,R7
00008d 015f      	MOVW R10,R30
                 ; 0000 0025 frequency = 1000000UL/period;
00008e 2766      	CLR  R22
00008f 2777      	CLR  R23
                +
000090 e4a0     +LDI R26 , LOW ( 0xF4240 )
000091 e4b2     +LDI R27 , HIGH ( 0xF4240 )
000092 e08f     +LDI R24 , BYTE3 ( 0xF4240 )
000093 e090     +LDI R25 , BYTE4 ( 0xF4240 )
                 	__GETD2N 0xF4240
000094 940e 0389 	CALL __DIVD21U
000096 93e0 0166 	STS  _frequency,R30
000098 93f0 0167 	STS  _frequency+1,R31
00009a 9360 0168 	STS  _frequency+2,R22
00009c 9370 0169 	STS  _frequency+3,R23
                 ; 0000 0026 counter = 0;
00009e 2455      	CLR  R5
                 ; 0000 0027 start = stop;
00009f 0134      	MOVW R6,R8
                 ; 0000 0028 }
0000a0 91e9      	LD   R30,Y+
0000a1 bfef      	OUT  SREG,R30
0000a2 91f9      	LD   R31,Y+
0000a3 91e9      	LD   R30,Y+
0000a4 91b9      	LD   R27,Y+
0000a5 91a9      	LD   R26,Y+
0000a6 9199      	LD   R25,Y+
0000a7 9189      	LD   R24,Y+
0000a8 9179      	LD   R23,Y+
0000a9 9169      	LD   R22,Y+
0000aa 9019      	LD   R1,Y+
0000ab 9009      	LD   R0,Y+
0000ac 9518      	RETI
                 ; .FEND
                 ;
                 ;void main(void){
                 ; 0000 002A void main(void){
                 _main:
                 ; .FSTART _main
                 ; 0000 002B 
                 ; 0000 002C DDRC=(0<<DDC7) | (0<<DDC6) | (0<<DDC5) | (0<<DDC4) | (0<<DDC3) | (0<<DDC2) | (0<<DDC1) | (0<<DDC0);
0000ad e0e0      	LDI  R30,LOW(0)
0000ae bbe4      	OUT  0x14,R30
                 ; 0000 002D PORTC=(0<<PORTC7) | (0<<PORTC6) | (0<<PORTC5) | (0<<PORTC4) | (0<<PORTC3) | (0<<PORTC2) | (0<<PORTC1) | (0<<PORTC0);
0000af bbe5      	OUT  0x15,R30
                 ; 0000 002E 
                 ; 0000 002F DDRD=(1<<DDD7) | (1<<DDD6) | (1<<DDD5) | (1<<DDD4) | (1<<DDD3) | (1<<DDD2) | (1<<DDD1) | (1<<DDD0);
0000b0 efef      	LDI  R30,LOW(255)
0000b1 bbe1      	OUT  0x11,R30
                 ; 0000 0030 PORTD=(0<<PORTD7) | (1<<PORTD6) | (0<<PORTD5) | (0<<PORTD4) | (0<<PORTD3) | (0<<PORTD2) | (0<<PORTD1) | (0<<PORTD0);
0000b2 e4e0      	LDI  R30,LOW(64)
0000b3 bbe2      	OUT  0x12,R30
                 ; 0000 0031 
                 ; 0000 0032 TCCR1A=(0<<COM1A1) | (0<<COM1A0) | (0<<COM1B1) | (0<<COM1B0) | (0<<WGM11) | (0<<WGM10);
0000b4 e0e0      	LDI  R30,LOW(0)
0000b5 bdef      	OUT  0x2F,R30
                 ; 0000 0033 TCCR1B=(0<<ICNC1) | (1<<ICES1) | (0<<WGM13) | (0<<WGM12) | (0<<CS12) | (1<<CS11) | (0<<CS10);
0000b6 e4e2      	LDI  R30,LOW(66)
0000b7 bdee      	OUT  0x2E,R30
                 ; 0000 0034 
                 ; 0000 0035 TIMSK=(0<<OCIE2) | (0<<TOIE2) | (1<<TICIE1) | (0<<OCIE1A) | (0<<OCIE1B) | (1<<TOIE1) | (0<<OCIE0) | (0<<TOIE0);
0000b8 e2e4      	LDI  R30,LOW(36)
0000b9 bfe9      	OUT  0x39,R30
                 ; 0000 0036 ACSR=(1<<ACD) | (0<<ACBG) | (0<<ACO) | (0<<ACI) | (0<<ACIE) | (0<<ACIC) | (0<<ACIS1) | (0<<ACIS0);
0000ba e8e0      	LDI  R30,LOW(128)
0000bb b9e8      	OUT  0x8,R30
                 ; 0000 0037 SFIOR=(0<<ACME);
0000bc e0e0      	LDI  R30,LOW(0)
0000bd bfe0      	OUT  0x30,R30
                 ; 0000 0038 lcd_init(16);
0000be e1a0      	LDI  R26,LOW(16)
0000bf 940e 02e9 	CALL _lcd_init
                 ; 0000 0039 
                 ; 0000 003A #asm("sei")
0000c1 9478      	sei
                 ; 0000 003B while (1){
                 _0x3:
                 ; 0000 003C       sprintf(str,"%d Hz");
0000c2 e6ea      	LDI  R30,LOW(_str)
0000c3 e0f1      	LDI  R31,HIGH(_str)
0000c4 93fa      	ST   -Y,R31
0000c5 93ea      	ST   -Y,R30
                +
0000c6 e6e6     +LDI R30 , LOW ( 2 * _0x0 + ( 0 ) )
0000c7 e0f0     +LDI R31 , HIGH ( 2 * _0x0 + ( 0 ) )
                 	__POINTW1FN _0x0,0
0000c8 93fa      	ST   -Y,R31
0000c9 93ea      	ST   -Y,R30
0000ca e080      	LDI  R24,0
0000cb 940e 0256 	CALL _sprintf
0000cd 9624      	ADIW R28,4
                 ; 0000 003D       lcd_gotoxy(0,0);
0000ce e0e0      	LDI  R30,LOW(0)
0000cf 93ea      	ST   -Y,R30
0000d0 e0a0      	LDI  R26,LOW(0)
0000d1 940e 02aa 	CALL _lcd_gotoxy
                 ; 0000 003E 	  lcd_puts("Freq:");
                +
0000d3 e6a0     +LDI R26 , LOW ( _0x6 + ( 0 ) )
0000d4 e0b1     +LDI R27 , HIGH ( _0x6 + ( 0 ) )
                 	__POINTW2MN _0x6,0
0000d5 940e 02d8 	CALL _lcd_puts
                 ; 0000 003F       lcd_gotoxy(6,0);
0000d7 e0e6      	LDI  R30,LOW(6)
0000d8 93ea      	ST   -Y,R30
0000d9 e0a0      	LDI  R26,LOW(0)
0000da 940e 02aa 	CALL _lcd_gotoxy
                 ; 0000 0040       lcd_puts(str);
0000dc e6aa      	LDI  R26,LOW(_str)
0000dd e0b1      	LDI  R27,HIGH(_str)
0000de 940e 02d8 	CALL _lcd_puts
                 ; 0000 0041       }
0000e0 cfe1      	RJMP _0x3
                 ; 0000 0042 }
                 _0x7:
0000e1 cfff      	RJMP _0x7
                 ; .FEND
                 
                 	.DSEG
                 _0x6:
000160           	.BYTE 0x6
                 	#ifndef __SLEEP_DEFINED__
                 	#endif
                 
                 	.CSEG
                 _put_buff_G100:
                 ; .FSTART _put_buff_G100
0000e2 93ba      	ST   -Y,R27
0000e3 93aa      	ST   -Y,R26
0000e4 931a      	ST   -Y,R17
0000e5 930a      	ST   -Y,R16
0000e6 81aa      	LDD  R26,Y+2
0000e7 81bb      	LDD  R27,Y+2+1
0000e8 9612      	ADIW R26,2
0000e9 940e 03bc 	CALL __GETW1P
0000eb 9730      	SBIW R30,0
0000ec f159      	BREQ _0x2000010
0000ed 81aa      	LDD  R26,Y+2
0000ee 81bb      	LDD  R27,Y+2+1
0000ef 9614      	ADIW R26,4
0000f0 940e 03bc 	CALL __GETW1P
0000f2 018f      	MOVW R16,R30
0000f3 9730      	SBIW R30,0
0000f4 f061      	BREQ _0x2000012
                +
0000f5 3002     +CPI R16 , LOW ( 2 )
0000f6 e0e0     +LDI R30 , HIGH ( 2 )
0000f7 071e     +CPC R17 , R30
                 	__CPWRN 16,17,2
0000f8 f098      	BRLO _0x2000013
0000f9 01f8      	MOVW R30,R16
0000fa 9731      	SBIW R30,1
0000fb 018f      	MOVW R16,R30
                +
0000fc 81aa     +LDD R26 , Y + 2
0000fd 81bb     +LDD R27 , Y + 2 + 1
0000fe 9614     +ADIW R26 , 4
0000ff 93ed     +ST X + , R30
000100 93fc     +ST X , R31
                 	__PUTW1SNS 2,4
                 _0x2000012:
000101 81aa      	LDD  R26,Y+2
000102 81bb      	LDD  R27,Y+2+1
000103 9612      	ADIW R26,2
000104 91ed      	LD   R30,X+
000105 91fd      	LD   R31,X+
000106 9631      	ADIW R30,1
000107 93fe      	ST   -X,R31
000108 93ee      	ST   -X,R30
000109 9731      	SBIW R30,1
00010a 81ac      	LDD  R26,Y+4
00010b 83a0      	STD  Z+0,R26
                 _0x2000013:
00010c 81aa      	LDD  R26,Y+2
00010d 81bb      	LDD  R27,Y+2+1
00010e 940e 03bc 	CALL __GETW1P
000110 23ff      	TST  R31
000111 f02a      	BRMI _0x2000014
000112 91ed      	LD   R30,X+
000113 91fd      	LD   R31,X+
000114 9631      	ADIW R30,1
000115 93fe      	ST   -X,R31
000116 93ee      	ST   -X,R30
                 _0x2000014:
000117 c006      	RJMP _0x2000015
                 _0x2000010:
000118 81aa      	LDD  R26,Y+2
000119 81bb      	LDD  R27,Y+2+1
00011a efef      	LDI  R30,LOW(65535)
00011b efff      	LDI  R31,HIGH(65535)
00011c 93ed      	ST   X+,R30
00011d 93fc      	ST   X,R31
                 _0x2000015:
00011e 8119      	LDD  R17,Y+1
00011f 8108      	LDD  R16,Y+0
000120 9625      	ADIW R28,5
000121 9508      	RET
                 ; .FEND
                 __print_G100:
                 ; .FSTART __print_G100
000122 93ba      	ST   -Y,R27
000123 93aa      	ST   -Y,R26
000124 9726      	SBIW R28,6
000125 940e 03c4 	CALL __SAVELOCR6
000127 e010      	LDI  R17,0
000128 85ac      	LDD  R26,Y+12
000129 85bd      	LDD  R27,Y+12+1
00012a e0e0      	LDI  R30,LOW(0)
00012b e0f0      	LDI  R31,HIGH(0)
00012c 93ed      	ST   X+,R30
00012d 93fc      	ST   X,R31
                 _0x2000016:
00012e 89ea      	LDD  R30,Y+18
00012f 89fb      	LDD  R31,Y+18+1
000130 9631      	ADIW R30,1
000131 8bea      	STD  Y+18,R30
000132 8bfb      	STD  Y+18+1,R31
000133 9731      	SBIW R30,1
000134 91e4      	LPM  R30,Z
000135 2f2e      	MOV  R18,R30
000136 30e0      	CPI  R30,0
000137 f409      	BRNE PC+2
000138 c115      	RJMP _0x2000018
000139 2fe1      	MOV  R30,R17
00013a 30e0      	CPI  R30,0
00013b f439      	BRNE _0x200001C
00013c 3225      	CPI  R18,37
00013d f411      	BRNE _0x200001D
00013e e011      	LDI  R17,LOW(1)
00013f c002      	RJMP _0x200001E
                 _0x200001D:
000140 940e 0330 	CALL SUBOPT_0x0
                 _0x200001E:
000142 c10a      	RJMP _0x200001B
                 _0x200001C:
000143 30e1      	CPI  R30,LOW(0x1)
000144 f4a9      	BRNE _0x200001F
000145 3225      	CPI  R18,37
000146 f419      	BRNE _0x2000020
000147 940e 0330 	CALL SUBOPT_0x0
000149 c102      	RJMP _0x20000CC
                 _0x2000020:
00014a e012      	LDI  R17,LOW(2)
00014b e040      	LDI  R20,LOW(0)
00014c e000      	LDI  R16,LOW(0)
00014d 322d      	CPI  R18,45
00014e f411      	BRNE _0x2000021
00014f e001      	LDI  R16,LOW(1)
000150 c0fc      	RJMP _0x200001B
                 _0x2000021:
000151 322b      	CPI  R18,43
000152 f411      	BRNE _0x2000022
000153 e24b      	LDI  R20,LOW(43)
000154 c0f8      	RJMP _0x200001B
                 _0x2000022:
000155 3220      	CPI  R18,32
000156 f411      	BRNE _0x2000023
000157 e240      	LDI  R20,LOW(32)
000158 c0f4      	RJMP _0x200001B
                 _0x2000023:
000159 c002      	RJMP _0x2000024
                 _0x200001F:
00015a 30e2      	CPI  R30,LOW(0x2)
00015b f439      	BRNE _0x2000025
                 _0x2000024:
00015c e050      	LDI  R21,LOW(0)
00015d e013      	LDI  R17,LOW(3)
00015e 3320      	CPI  R18,48
00015f f411      	BRNE _0x2000026
000160 6800      	ORI  R16,LOW(128)
000161 c0eb      	RJMP _0x200001B
                 _0x2000026:
000162 c003      	RJMP _0x2000027
                 _0x2000025:
000163 30e3      	CPI  R30,LOW(0x3)
000164 f009      	BREQ PC+2
000165 c0e7      	RJMP _0x200001B
                 _0x2000027:
000166 3320      	CPI  R18,48
000167 f010      	BRLO _0x200002A
000168 332a      	CPI  R18,58
000169 f008      	BRLO _0x200002B
                 _0x200002A:
00016a c007      	RJMP _0x2000029
                 _0x200002B:
00016b e0aa      	LDI  R26,LOW(10)
00016c 9f5a      	MUL  R21,R26
00016d 2d50      	MOV  R21,R0
00016e 2fe2      	MOV  R30,R18
00016f 53e0      	SUBI R30,LOW(48)
000170 0f5e      	ADD  R21,R30
000171 c0db      	RJMP _0x200001B
                 _0x2000029:
000172 2fe2      	MOV  R30,R18
000173 36e3      	CPI  R30,LOW(0x63)
000174 f449      	BRNE _0x200002F
000175 940e 0337 	CALL SUBOPT_0x1
000177 89e8      	LDD  R30,Y+16
000178 89f9      	LDD  R31,Y+16+1
000179 81a4      	LDD  R26,Z+4
00017a 93aa      	ST   -Y,R26
00017b 940e 033d 	CALL SUBOPT_0x2
00017d c0ce      	RJMP _0x2000030
                 _0x200002F:
00017e 37e3      	CPI  R30,LOW(0x73)
00017f f441      	BRNE _0x2000032
000180 940e 0337 	CALL SUBOPT_0x1
000182 940e 0343 	CALL SUBOPT_0x3
000184 940e 0317 	CALL _strlen
000186 2f1e      	MOV  R17,R30
000187 c00a      	RJMP _0x2000033
                 _0x2000032:
000188 37e0      	CPI  R30,LOW(0x70)
000189 f461      	BRNE _0x2000035
00018a 940e 0337 	CALL SUBOPT_0x1
00018c 940e 0343 	CALL SUBOPT_0x3
00018e 940e 0323 	CALL _strlenf
000190 2f1e      	MOV  R17,R30
000191 6008      	ORI  R16,LOW(8)
                 _0x2000033:
000192 6002      	ORI  R16,LOW(2)
000193 770f      	ANDI R16,LOW(127)
000194 e030      	LDI  R19,LOW(0)
000195 c034      	RJMP _0x2000036
                 _0x2000035:
000196 36e4      	CPI  R30,LOW(0x64)
000197 f011      	BREQ _0x2000039
000198 36e9      	CPI  R30,LOW(0x69)
000199 f411      	BRNE _0x200003A
                 _0x2000039:
00019a 6004      	ORI  R16,LOW(4)
00019b c002      	RJMP _0x200003B
                 _0x200003A:
00019c 37e5      	CPI  R30,LOW(0x75)
00019d f431      	BRNE _0x200003C
                 _0x200003B:
00019e e5e4      	LDI  R30,LOW(_tbl10_G100*2)
00019f e0f0      	LDI  R31,HIGH(_tbl10_G100*2)
0001a0 83ee      	STD  Y+6,R30
0001a1 83ff      	STD  Y+6+1,R31
0001a2 e015      	LDI  R17,LOW(5)
0001a3 c00c      	RJMP _0x200003D
                 _0x200003C:
0001a4 35e8      	CPI  R30,LOW(0x58)
0001a5 f411      	BRNE _0x200003F
0001a6 6008      	ORI  R16,LOW(8)
0001a7 c003      	RJMP _0x2000040
                 _0x200003F:
0001a8 37e8      	CPI  R30,LOW(0x78)
0001a9 f009      	BREQ PC+2
0001aa c0a1      	RJMP _0x2000071
                 _0x2000040:
0001ab e5ee      	LDI  R30,LOW(_tbl16_G100*2)
0001ac e0f0      	LDI  R31,HIGH(_tbl16_G100*2)
0001ad 83ee      	STD  Y+6,R30
0001ae 83ff      	STD  Y+6+1,R31
0001af e014      	LDI  R17,LOW(4)
                 _0x200003D:
0001b0 ff02      	SBRS R16,2
0001b1 c014      	RJMP _0x2000042
0001b2 940e 0337 	CALL SUBOPT_0x1
0001b4 940e 034d 	CALL SUBOPT_0x4
0001b6 85ab      	LDD  R26,Y+11
0001b7 23aa      	TST  R26
0001b8 f43a      	BRPL _0x2000043
0001b9 85ea      	LDD  R30,Y+10
0001ba 85fb      	LDD  R31,Y+10+1
0001bb 940e 0378 	CALL __ANEGW1
0001bd 87ea      	STD  Y+10,R30
0001be 87fb      	STD  Y+10+1,R31
0001bf e24d      	LDI  R20,LOW(45)
                 _0x2000043:
0001c0 3040      	CPI  R20,0
0001c1 f011      	BREQ _0x2000044
0001c2 5f1f      	SUBI R17,-LOW(1)
0001c3 c001      	RJMP _0x2000045
                 _0x2000044:
0001c4 7f0b      	ANDI R16,LOW(251)
                 _0x2000045:
0001c5 c004      	RJMP _0x2000046
                 _0x2000042:
0001c6 940e 0337 	CALL SUBOPT_0x1
0001c8 940e 034d 	CALL SUBOPT_0x4
                 _0x2000046:
                 _0x2000036:
0001ca fd00      	SBRC R16,0
0001cb c011      	RJMP _0x2000047
                 _0x2000048:
0001cc 1715      	CP   R17,R21
0001cd f478      	BRSH _0x200004A
0001ce ff07      	SBRS R16,7
0001cf c008      	RJMP _0x200004B
0001d0 ff02      	SBRS R16,2
0001d1 c004      	RJMP _0x200004C
0001d2 7f0b      	ANDI R16,LOW(251)
0001d3 2f24      	MOV  R18,R20
0001d4 5011      	SUBI R17,LOW(1)
0001d5 c001      	RJMP _0x200004D
                 _0x200004C:
0001d6 e320      	LDI  R18,LOW(48)
                 _0x200004D:
0001d7 c001      	RJMP _0x200004E
                 _0x200004B:
0001d8 e220      	LDI  R18,LOW(32)
                 _0x200004E:
0001d9 940e 0330 	CALL SUBOPT_0x0
0001db 5051      	SUBI R21,LOW(1)
0001dc cfef      	RJMP _0x2000048
                 _0x200004A:
                 _0x2000047:
0001dd 2f31      	MOV  R19,R17
0001de ff01      	SBRS R16,1
0001df c017      	RJMP _0x200004F
                 _0x2000050:
0001e0 3030      	CPI  R19,0
0001e1 f0a1      	BREQ _0x2000052
0001e2 ff03      	SBRS R16,3
0001e3 c006      	RJMP _0x2000053
0001e4 81ee      	LDD  R30,Y+6
0001e5 81ff      	LDD  R31,Y+6+1
0001e6 9125      	LPM  R18,Z+
0001e7 83ee      	STD  Y+6,R30
0001e8 83ff      	STD  Y+6+1,R31
0001e9 c005      	RJMP _0x2000054
                 _0x2000053:
0001ea 81ae      	LDD  R26,Y+6
0001eb 81bf      	LDD  R27,Y+6+1
0001ec 912d      	LD   R18,X+
0001ed 83ae      	STD  Y+6,R26
0001ee 83bf      	STD  Y+6+1,R27
                 _0x2000054:
0001ef 940e 0330 	CALL SUBOPT_0x0
0001f1 3050      	CPI  R21,0
0001f2 f009      	BREQ _0x2000055
0001f3 5051      	SUBI R21,LOW(1)
                 _0x2000055:
0001f4 5031      	SUBI R19,LOW(1)
0001f5 cfea      	RJMP _0x2000050
                 _0x2000052:
0001f6 c04b      	RJMP _0x2000056
                 _0x200004F:
                 _0x2000058:
0001f7 e320      	LDI  R18,LOW(48)
0001f8 81ee      	LDD  R30,Y+6
0001f9 81ff      	LDD  R31,Y+6+1
0001fa 940e 03c0 	CALL __GETW1PF
0001fc 87e8      	STD  Y+8,R30
0001fd 87f9      	STD  Y+8+1,R31
0001fe 81ee      	LDD  R30,Y+6
0001ff 81ff      	LDD  R31,Y+6+1
000200 9632      	ADIW R30,2
000201 83ee      	STD  Y+6,R30
000202 83ff      	STD  Y+6+1,R31
                 _0x200005A:
000203 85e8      	LDD  R30,Y+8
000204 85f9      	LDD  R31,Y+8+1
000205 85aa      	LDD  R26,Y+10
000206 85bb      	LDD  R27,Y+10+1
000207 17ae      	CP   R26,R30
000208 07bf      	CPC  R27,R31
000209 f050      	BRLO _0x200005C
00020a 5f2f      	SUBI R18,-LOW(1)
00020b 85a8      	LDD  R26,Y+8
00020c 85b9      	LDD  R27,Y+8+1
00020d 85ea      	LDD  R30,Y+10
00020e 85fb      	LDD  R31,Y+10+1
00020f 1bea      	SUB  R30,R26
000210 0bfb      	SBC  R31,R27
000211 87ea      	STD  Y+10,R30
000212 87fb      	STD  Y+10+1,R31
000213 cfef      	RJMP _0x200005A
                 _0x200005C:
000214 332a      	CPI  R18,58
000215 f028      	BRLO _0x200005D
000216 ff03      	SBRS R16,3
000217 c002      	RJMP _0x200005E
000218 5f29      	SUBI R18,-LOW(7)
000219 c001      	RJMP _0x200005F
                 _0x200005E:
00021a 5d29      	SUBI R18,-LOW(39)
                 _0x200005F:
                 _0x200005D:
00021b fd04      	SBRC R16,4
00021c c01a      	RJMP _0x2000061
00021d 3321      	CPI  R18,49
00021e f420      	BRSH _0x2000063
00021f 85a8      	LDD  R26,Y+8
000220 85b9      	LDD  R27,Y+8+1
000221 9711      	SBIW R26,1
000222 f409      	BRNE _0x2000062
                 _0x2000063:
000223 c009      	RJMP _0x20000CD
                 _0x2000062:
000224 1753      	CP   R21,R19
000225 f010      	BRLO _0x2000067
000226 ff00      	SBRS R16,0
000227 c001      	RJMP _0x2000068
                 _0x2000067:
000228 c013      	RJMP _0x2000066
                 _0x2000068:
000229 e220      	LDI  R18,LOW(32)
00022a ff07      	SBRS R16,7
00022b c00b      	RJMP _0x2000069
00022c e320      	LDI  R18,LOW(48)
                 _0x20000CD:
00022d 6100      	ORI  R16,LOW(16)
00022e ff02      	SBRS R16,2
00022f c007      	RJMP _0x200006A
000230 7f0b      	ANDI R16,LOW(251)
000231 934a      	ST   -Y,R20
000232 940e 033d 	CALL SUBOPT_0x2
000234 3050      	CPI  R21,0
000235 f009      	BREQ _0x200006B
000236 5051      	SUBI R21,LOW(1)
                 _0x200006B:
                 _0x200006A:
                 _0x2000069:
                 _0x2000061:
000237 940e 0330 	CALL SUBOPT_0x0
000239 3050      	CPI  R21,0
00023a f009      	BREQ _0x200006C
00023b 5051      	SUBI R21,LOW(1)
                 _0x200006C:
                 _0x2000066:
00023c 5031      	SUBI R19,LOW(1)
00023d 85a8      	LDD  R26,Y+8
00023e 85b9      	LDD  R27,Y+8+1
00023f 9712      	SBIW R26,2
000240 f008      	BRLO _0x2000059
000241 cfb5      	RJMP _0x2000058
                 _0x2000059:
                 _0x2000056:
000242 ff00      	SBRS R16,0
000243 c008      	RJMP _0x200006D
                 _0x200006E:
000244 3050      	CPI  R21,0
000245 f031      	BREQ _0x2000070
000246 5051      	SUBI R21,LOW(1)
000247 e2e0      	LDI  R30,LOW(32)
000248 93ea      	ST   -Y,R30
000249 940e 033d 	CALL SUBOPT_0x2
00024b cff8      	RJMP _0x200006E
                 _0x2000070:
                 _0x200006D:
                 _0x2000071:
                 _0x2000030:
                 _0x20000CC:
00024c e010      	LDI  R17,LOW(0)
                 _0x200001B:
00024d cee0      	RJMP _0x2000016
                 _0x2000018:
00024e 85ac      	LDD  R26,Y+12
00024f 85bd      	LDD  R27,Y+12+1
000250 940e 03bc 	CALL __GETW1P
000252 940e 03cb 	CALL __LOADLOCR6
000254 9664      	ADIW R28,20
000255 9508      	RET
                 ; .FEND
                 _sprintf:
                 ; .FSTART _sprintf
000256 92ff      	PUSH R15
000257 2ef8      	MOV  R15,R24
000258 9726      	SBIW R28,6
000259 940e 03c6 	CALL __SAVELOCR4
00025b 940e 0355 	CALL SUBOPT_0x5
00025d 9730      	SBIW R30,0
00025e f419      	BRNE _0x2000072
00025f efef      	LDI  R30,LOW(65535)
000260 efff      	LDI  R31,HIGH(65535)
000261 c023      	RJMP _0x2080002
                 _0x2000072:
000262 01de      	MOVW R26,R28
000263 9616      	ADIW R26,6
000264 940e 0374 	CALL __ADDW2R15
000266 018d      	MOVW R16,R26
000267 940e 0355 	CALL SUBOPT_0x5
000269 83ee      	STD  Y+6,R30
00026a 83ff      	STD  Y+6+1,R31
00026b e0e0      	LDI  R30,LOW(0)
00026c 87e8      	STD  Y+8,R30
00026d 87e9      	STD  Y+8+1,R30
00026e 01de      	MOVW R26,R28
00026f 961a      	ADIW R26,10
000270 940e 0374 	CALL __ADDW2R15
000272 940e 03bc 	CALL __GETW1P
000274 93fa      	ST   -Y,R31
000275 93ea      	ST   -Y,R30
000276 931a      	ST   -Y,R17
000277 930a      	ST   -Y,R16
000278 eee2      	LDI  R30,LOW(_put_buff_G100)
000279 e0f0      	LDI  R31,HIGH(_put_buff_G100)
00027a 93fa      	ST   -Y,R31
00027b 93ea      	ST   -Y,R30
00027c 01de      	MOVW R26,R28
00027d 961a      	ADIW R26,10
00027e dea3      	RCALL __print_G100
00027f 019f      	MOVW R18,R30
000280 81ae      	LDD  R26,Y+6
000281 81bf      	LDD  R27,Y+6+1
000282 e0e0      	LDI  R30,LOW(0)
000283 93ec      	ST   X,R30
000284 01f9      	MOVW R30,R18
                 _0x2080002:
000285 940e 03cd 	CALL __LOADLOCR4
000287 962a      	ADIW R28,10
000288 90ff      	POP  R15
000289 9508      	RET
                 ; .FEND
                 	#ifndef __SLEEP_DEFINED__
                 	#endif
                 
                 	.DSEG
                 
                 	.CSEG
                 __lcd_write_nibble_G101:
                 ; .FSTART __lcd_write_nibble_G101
00028a 93aa      	ST   -Y,R26
00028b b3e5      	IN   R30,0x15
00028c 70ef      	ANDI R30,LOW(0xF)
00028d 2fae      	MOV  R26,R30
00028e 81e8      	LD   R30,Y
00028f 7fe0      	ANDI R30,LOW(0xF0)
000290 2bea      	OR   R30,R26
000291 bbe5      	OUT  0x15,R30
                +
000292 e184     +LDI R24 , LOW ( 20 )
                +__DELAY_USB_LOOP :
000293 958a     +DEC R24
000294 f7f1     +BRNE __DELAY_USB_LOOP
                 	__DELAY_USB 20
000295 9aaa      	SBI  0x15,2
                +
000296 e184     +LDI R24 , LOW ( 20 )
                +__DELAY_USB_LOOP :
000297 958a     +DEC R24
000298 f7f1     +BRNE __DELAY_USB_LOOP
                 	__DELAY_USB 20
000299 98aa      	CBI  0x15,2
                +
00029a e184     +LDI R24 , LOW ( 20 )
                +__DELAY_USB_LOOP :
00029b 958a     +DEC R24
00029c f7f1     +BRNE __DELAY_USB_LOOP
                 	__DELAY_USB 20
00029d c077      	RJMP _0x2080001
                 ; .FEND
                 __lcd_write_data:
                 ; .FSTART __lcd_write_data
00029e 93aa      	ST   -Y,R26
00029f 81a8      	LD   R26,Y
0002a0 dfe9      	RCALL __lcd_write_nibble_G101
0002a1 81e8          ld    r30,y
0002a2 95e2          swap  r30
0002a3 83e8          st    y,r30
0002a4 81a8      	LD   R26,Y
0002a5 dfe4      	RCALL __lcd_write_nibble_G101
                +
0002a6 ec88     +LDI R24 , LOW ( 200 )
                +__DELAY_USB_LOOP :
0002a7 958a     +DEC R24
0002a8 f7f1     +BRNE __DELAY_USB_LOOP
                 	__DELAY_USB 200
0002a9 c06b      	RJMP _0x2080001
                 ; .FEND
                 _lcd_gotoxy:
                 ; .FSTART _lcd_gotoxy
0002aa 93aa      	ST   -Y,R26
0002ab 81e8      	LD   R30,Y
0002ac e0f0      	LDI  R31,0
0002ad 58e6      	SUBI R30,LOW(-__base_y_G101)
0002ae 4ffe      	SBCI R31,HIGH(-__base_y_G101)
0002af 81e0      	LD   R30,Z
0002b0 81a9      	LDD  R26,Y+1
0002b1 0fae      	ADD  R26,R30
0002b2 dfeb      	RCALL __lcd_write_data
0002b3 8049      	LDD  R4,Y+1
0002b4 80d8      	LDD  R13,Y+0
0002b5 9622      	ADIW R28,2
0002b6 9508      	RET
                 ; .FEND
                 _lcd_clear:
                 ; .FSTART _lcd_clear
0002b7 e0a2      	LDI  R26,LOW(2)
0002b8 940e 035c 	CALL SUBOPT_0x6
0002ba e0ac      	LDI  R26,LOW(12)
0002bb dfe2      	RCALL __lcd_write_data
0002bc e0a1      	LDI  R26,LOW(1)
0002bd 940e 035c 	CALL SUBOPT_0x6
0002bf e0e0      	LDI  R30,LOW(0)
0002c0 2ede      	MOV  R13,R30
0002c1 2e4e      	MOV  R4,R30
0002c2 9508      	RET
                 ; .FEND
                 _lcd_putchar:
                 ; .FSTART _lcd_putchar
0002c3 93aa      	ST   -Y,R26
0002c4 81a8      	LD   R26,Y
0002c5 30aa      	CPI  R26,LOW(0xA)
0002c6 f011      	BREQ _0x2020005
0002c7 144c      	CP   R4,R12
0002c8 f048      	BRLO _0x2020004
                 _0x2020005:
0002c9 e0e0      	LDI  R30,LOW(0)
0002ca 93ea      	ST   -Y,R30
0002cb 94d3      	INC  R13
0002cc 2dad      	MOV  R26,R13
0002cd dfdc      	RCALL _lcd_gotoxy
0002ce 81a8      	LD   R26,Y
0002cf 30aa      	CPI  R26,LOW(0xA)
0002d0 f409      	BRNE _0x2020007
0002d1 c043      	RJMP _0x2080001
                 _0x2020007:
                 _0x2020004:
0002d2 9443      	INC  R4
0002d3 9aa8      	SBI  0x15,0
0002d4 81a8      	LD   R26,Y
0002d5 dfc8      	RCALL __lcd_write_data
0002d6 98a8      	CBI  0x15,0
0002d7 c03d      	RJMP _0x2080001
                 ; .FEND
                 _lcd_puts:
                 ; .FSTART _lcd_puts
0002d8 93ba      	ST   -Y,R27
0002d9 93aa      	ST   -Y,R26
0002da 931a      	ST   -Y,R17
                 _0x2020008:
0002db 81a9      	LDD  R26,Y+1
0002dc 81ba      	LDD  R27,Y+1+1
0002dd 91ed      	LD   R30,X+
0002de 83a9      	STD  Y+1,R26
0002df 83ba      	STD  Y+1+1,R27
0002e0 2f1e      	MOV  R17,R30
0002e1 30e0      	CPI  R30,0
0002e2 f019      	BREQ _0x202000A
0002e3 2fa1      	MOV  R26,R17
0002e4 dfde      	RCALL _lcd_putchar
0002e5 cff5      	RJMP _0x2020008
                 _0x202000A:
0002e6 8118      	LDD  R17,Y+0
0002e7 9623      	ADIW R28,3
0002e8 9508      	RET
                 ; .FEND
                 _lcd_init:
                 ; .FSTART _lcd_init
0002e9 93aa      	ST   -Y,R26
0002ea b3e4      	IN   R30,0x14
0002eb 6fe0      	ORI  R30,LOW(0xF0)
0002ec bbe4      	OUT  0x14,R30
0002ed 9aa2      	SBI  0x14,2
0002ee 9aa0      	SBI  0x14,0
0002ef 9aa1      	SBI  0x14,1
0002f0 98aa      	CBI  0x15,2
0002f1 98a8      	CBI  0x15,0
0002f2 98a9      	CBI  0x15,1
0002f3 80c8      	LDD  R12,Y+0
0002f4 81e8      	LD   R30,Y
0002f5 58e0      	SUBI R30,-LOW(128)
                +
0002f6 93e0 017c+STS __base_y_G101 + ( 2 ) , R30
                 	__PUTB1MN __base_y_G101,2
0002f8 81e8      	LD   R30,Y
0002f9 54e0      	SUBI R30,-LOW(192)
                +
0002fa 93e0 017d+STS __base_y_G101 + ( 3 ) , R30
                 	__PUTB1MN __base_y_G101,3
0002fc e1a4      	LDI  R26,LOW(20)
0002fd e0b0      	LDI  R27,0
0002fe 940e 036a 	CALL _delay_ms
000300 940e 0362 	CALL SUBOPT_0x7
000302 940e 0362 	CALL SUBOPT_0x7
000304 940e 0362 	CALL SUBOPT_0x7
000306 e2a0      	LDI  R26,LOW(32)
000307 df82      	RCALL __lcd_write_nibble_G101
                +
000308 e28c     +LDI R24 , LOW ( 300 )
000309 e091     +LDI R25 , HIGH ( 300 )
                +__DELAY_USW_LOOP :
00030a 9701     +SBIW R24 , 1
00030b f7f1     +BRNE __DELAY_USW_LOOP
                 	__DELAY_USW 300
00030c e2a8      	LDI  R26,LOW(40)
00030d df90      	RCALL __lcd_write_data
00030e e0a4      	LDI  R26,LOW(4)
00030f df8e      	RCALL __lcd_write_data
000310 e8a5      	LDI  R26,LOW(133)
000311 df8c      	RCALL __lcd_write_data
000312 e0a6      	LDI  R26,LOW(6)
000313 df8a      	RCALL __lcd_write_data
000314 dfa2      	RCALL _lcd_clear
                 _0x2080001:
000315 9621      	ADIW R28,1
000316 9508      	RET
                 ; .FEND
                 
                 	.CSEG
                 
                 	.CSEG
                 _strlen:
                 ; .FSTART _strlen
000317 93ba      	ST   -Y,R27
000318 93aa      	ST   -Y,R26
000319 91a9          ld   r26,y+
00031a 91b9          ld   r27,y+
00031b 27ee          clr  r30
00031c 27ff          clr  r31
                 strlen0:
00031d 916d          ld   r22,x+
00031e 2366          tst  r22
00031f f011          breq strlen1
000320 9631          adiw r30,1
000321 cffb          rjmp strlen0
                 strlen1:
000322 9508          ret
                 ; .FEND
                 _strlenf:
                 ; .FSTART _strlenf
000323 93ba      	ST   -Y,R27
000324 93aa      	ST   -Y,R26
000325 27aa          clr  r26
000326 27bb          clr  r27
000327 91e9          ld   r30,y+
000328 91f9          ld   r31,y+
                 strlenf0:
000329 9005      	lpm  r0,z+
00032a 2000          tst  r0
00032b f011          breq strlenf1
00032c 9611          adiw r26,1
00032d cffb          rjmp strlenf0
                 strlenf1:
00032e 01fd          movw r30,r26
00032f 9508          ret
                 ; .FEND
                 
                 	.DSEG
                 _frequency:
000166           	.BYTE 0x4
                 _str:
00016a           	.BYTE 0x10
                 __base_y_G101:
00017a           	.BYTE 0x4
                 
                 	.CSEG
                 ;OPTIMIZER ADDED SUBROUTINE, CALLED 5 TIMES, CODE SIZE REDUCTION:13 WORDS
                 SUBOPT_0x0:
000330 932a      	ST   -Y,R18
000331 85ad      	LDD  R26,Y+13
000332 85be      	LDD  R27,Y+13+1
000333 85ef      	LDD  R30,Y+15
000334 89f8      	LDD  R31,Y+15+1
000335 9509      	ICALL
000336 9508      	RET
                 
                 ;OPTIMIZER ADDED SUBROUTINE, CALLED 5 TIMES, CODE SIZE REDUCTION:9 WORDS
                 SUBOPT_0x1:
000337 89e8      	LDD  R30,Y+16
000338 89f9      	LDD  R31,Y+16+1
000339 9734      	SBIW R30,4
00033a 8be8      	STD  Y+16,R30
00033b 8bf9      	STD  Y+16+1,R31
00033c 9508      	RET
                 
                 ;OPTIMIZER ADDED SUBROUTINE, CALLED 3 TIMES, CODE SIZE REDUCTION:3 WORDS
                 SUBOPT_0x2:
00033d 85ad      	LDD  R26,Y+13
00033e 85be      	LDD  R27,Y+13+1
00033f 85ef      	LDD  R30,Y+15
000340 89f8      	LDD  R31,Y+15+1
000341 9509      	ICALL
000342 9508      	RET
                 
                 ;OPTIMIZER ADDED SUBROUTINE, CALLED 2 TIMES, CODE SIZE REDUCTION:4 WORDS
                 SUBOPT_0x3:
000343 89a8      	LDD  R26,Y+16
000344 89b9      	LDD  R27,Y+16+1
000345 9614      	ADIW R26,4
000346 940e 03bc 	CALL __GETW1P
000348 83ee      	STD  Y+6,R30
000349 83ff      	STD  Y+6+1,R31
00034a 81ae      	LDD  R26,Y+6
00034b 81bf      	LDD  R27,Y+6+1
00034c 9508      	RET
                 
                 ;OPTIMIZER ADDED SUBROUTINE, CALLED 2 TIMES, CODE SIZE REDUCTION:2 WORDS
                 SUBOPT_0x4:
00034d 89a8      	LDD  R26,Y+16
00034e 89b9      	LDD  R27,Y+16+1
00034f 9614      	ADIW R26,4
000350 940e 03bc 	CALL __GETW1P
000352 87ea      	STD  Y+10,R30
000353 87fb      	STD  Y+10+1,R31
000354 9508      	RET
                 
                 ;OPTIMIZER ADDED SUBROUTINE, CALLED 2 TIMES, CODE SIZE REDUCTION:1 WORDS
                 SUBOPT_0x5:
000355 01de      	MOVW R26,R28
000356 961c      	ADIW R26,12
000357 940e 0374 	CALL __ADDW2R15
000359 940e 03bc 	CALL __GETW1P
00035b 9508      	RET
                 
                 ;OPTIMIZER ADDED SUBROUTINE, CALLED 2 TIMES, CODE SIZE REDUCTION:1 WORDS
                 SUBOPT_0x6:
00035c 940e 029e 	CALL __lcd_write_data
00035e e0a3      	LDI  R26,LOW(3)
00035f e0b0      	LDI  R27,0
000360 940c 036a 	JMP  _delay_ms
                 
                 ;OPTIMIZER ADDED SUBROUTINE, CALLED 3 TIMES, CODE SIZE REDUCTION:7 WORDS
                 SUBOPT_0x7:
000362 e3a0      	LDI  R26,LOW(48)
000363 940e 028a 	CALL __lcd_write_nibble_G101
                +
000365 e28c     +LDI R24 , LOW ( 300 )
000366 e091     +LDI R25 , HIGH ( 300 )
                +__DELAY_USW_LOOP :
000367 9701     +SBIW R24 , 1
000368 f7f1     +BRNE __DELAY_USW_LOOP
                 	__DELAY_USW 300
000369 9508      	RET
                 
                 
                 	.CSEG
                 _delay_ms:
00036a 9610      	adiw r26,0
00036b f039      	breq __delay_ms1
                 __delay_ms0:
                +
00036c eb88     +LDI R24 , LOW ( 0xBB8 )
00036d e09b     +LDI R25 , HIGH ( 0xBB8 )
                +__DELAY_USW_LOOP :
00036e 9701     +SBIW R24 , 1
00036f f7f1     +BRNE __DELAY_USW_LOOP
                 	__DELAY_USW 0xBB8
000370 95a8      	wdr
000371 9711      	sbiw r26,1
000372 f7c9      	brne __delay_ms0
                 __delay_ms1:
000373 9508      	ret
                 
                 __ADDW2R15:
000374 2400      	CLR  R0
000375 0daf      	ADD  R26,R15
000376 1db0      	ADC  R27,R0
000377 9508      	RET
                 
                 __ANEGW1:
000378 95f1      	NEG  R31
000379 95e1      	NEG  R30
00037a 40f0      	SBCI R31,0
00037b 9508      	RET
                 
                 __MULW12U:
00037c 9ffa      	MUL  R31,R26
00037d 2df0      	MOV  R31,R0
00037e 9feb      	MUL  R30,R27
00037f 0df0      	ADD  R31,R0
000380 9fea      	MUL  R30,R26
000381 2de0      	MOV  R30,R0
000382 0df1      	ADD  R31,R1
000383 9508      	RET
                 
                 __MULW12:
000384 d029      	RCALL __CHKSIGNW
000385 dff6      	RCALL __MULW12U
000386 f40e      	BRTC __MULW121
000387 dff0      	RCALL __ANEGW1
                 __MULW121:
000388 9508      	RET
                 
                 __DIVD21U:
000389 933f      	PUSH R19
00038a 934f      	PUSH R20
00038b 935f      	PUSH R21
00038c 2400      	CLR  R0
00038d 2411      	CLR  R1
00038e 2744      	CLR  R20
00038f 2755      	CLR  R21
000390 e230      	LDI  R19,32
                 __DIVD21U1:
000391 0faa      	LSL  R26
000392 1fbb      	ROL  R27
000393 1f88      	ROL  R24
000394 1f99      	ROL  R25
000395 1c00      	ROL  R0
000396 1c11      	ROL  R1
000397 1f44      	ROL  R20
000398 1f55      	ROL  R21
000399 1a0e      	SUB  R0,R30
00039a 0a1f      	SBC  R1,R31
00039b 0b46      	SBC  R20,R22
00039c 0b57      	SBC  R21,R23
00039d f428      	BRCC __DIVD21U2
00039e 0e0e      	ADD  R0,R30
00039f 1e1f      	ADC  R1,R31
0003a0 1f46      	ADC  R20,R22
0003a1 1f57      	ADC  R21,R23
0003a2 c001      	RJMP __DIVD21U3
                 __DIVD21U2:
0003a3 60a1      	SBR  R26,1
                 __DIVD21U3:
0003a4 953a      	DEC  R19
0003a5 f759      	BRNE __DIVD21U1
0003a6 01fd      	MOVW R30,R26
0003a7 01bc      	MOVW R22,R24
0003a8 01d0      	MOVW R26,R0
0003a9 01ca      	MOVW R24,R20
0003aa 915f      	POP  R21
0003ab 914f      	POP  R20
0003ac 913f      	POP  R19
0003ad 9508      	RET
                 
                 __CHKSIGNW:
0003ae 94e8      	CLT
0003af fff7      	SBRS R31,7
0003b0 c002      	RJMP __CHKSW1
0003b1 dfc6      	RCALL __ANEGW1
0003b2 9468      	SET
                 __CHKSW1:
0003b3 ffb7      	SBRS R27,7
0003b4 c006      	RJMP __CHKSW2
0003b5 95a0      	COM  R26
0003b6 95b0      	COM  R27
0003b7 9611      	ADIW R26,1
0003b8 f800      	BLD  R0,0
0003b9 9403      	INC  R0
0003ba fa00      	BST  R0,0
                 __CHKSW2:
0003bb 9508      	RET
                 
                 __GETW1P:
0003bc 91ed      	LD   R30,X+
0003bd 91fc      	LD   R31,X
0003be 9711      	SBIW R26,1
0003bf 9508      	RET
                 
                 __GETW1PF:
0003c0 9005      	LPM  R0,Z+
0003c1 91f4      	LPM  R31,Z
0003c2 2de0      	MOV  R30,R0
0003c3 9508      	RET
                 
                 __SAVELOCR6:
0003c4 935a      	ST   -Y,R21
                 __SAVELOCR5:
0003c5 934a      	ST   -Y,R20
                 __SAVELOCR4:
0003c6 933a      	ST   -Y,R19
                 __SAVELOCR3:
0003c7 932a      	ST   -Y,R18
                 __SAVELOCR2:
0003c8 931a      	ST   -Y,R17
0003c9 930a      	ST   -Y,R16
0003ca 9508      	RET
                 
                 __LOADLOCR6:
0003cb 815d      	LDD  R21,Y+5
                 __LOADLOCR5:
0003cc 814c      	LDD  R20,Y+4
                 __LOADLOCR4:
0003cd 813b      	LDD  R19,Y+3
                 __LOADLOCR3:
0003ce 812a      	LDD  R18,Y+2
                 __LOADLOCR2:
0003cf 8119      	LDD  R17,Y+1
0003d0 8108      	LD   R16,Y
0003d1 9508      	RET
                 
                 ;END OF CODE MARKER
                 __END_OF_CODE:


RESOURCE USE INFORMATION
------------------------

Notice:
The register and instruction counts are symbol table hit counts,
and hence implicitly used resources are not counted, eg, the
'lpm' instruction without operands implicitly uses r0 and z,
none of which are counted.

x,y,z are separate entities in the symbol table and are
counted separately from r26..r31 here.

.dseg memory usage only counts static data declared with .byte

ATmega16 register use summary:
r0 :  24 r1 :   8 r2 :   0 r3 :   0 r4 :   4 r5 :   2 r6 :   2 r7 :   1 
r8 :   3 r9 :   1 r10:   1 r11:   0 r12:   2 r13:   4 r14:   0 r15:   4 
r16:  34 r17:  24 r18:  29 r19:  12 r20:  16 r21:  23 r22:  11 r23:   6 
r24:  29 r25:   9 r26: 113 r27:  47 r28:  14 r29:   1 r30: 188 r31:  72 
x  :  23 y  : 185 z  :  15 
Registers used: 31 out of 35 (88.6%)

ATmega16 instruction use summary:
.lds  :   0 .lds.l:   0 .sts  :   0 .sts.l:   0 adc   :   6 add   :   8 
adiw  :  25 and   :   0 andi  :   6 asr   :   0 bclr  :   0 bld   :   1 
brbc  :   0 brbs  :   0 brcc  :   1 brcs  :   0 break :   0 breq  :  17 
brge  :   0 brhc  :   0 brhs  :   0 brid  :   0 brie  :   0 brlo  :   8 
brlt  :   0 brmi  :   1 brne  :  31 brpl  :   1 brsh  :   2 brtc  :   1 
brts  :   0 brvc  :   0 brvs  :   0 bset  :   0 bst   :   1 call  :  54 
cbi   :   5 cbr   :   0 clc   :   0 clh   :   0 cli   :   1 cln   :   0 
clr   :  14 cls   :   0 clt   :   1 clv   :   0 clz   :   0 com   :   2 
cp    :   4 cpc   :   2 cpi   :  33 cpse  :   0 dec   :   6 des   :   0 
eor   :   0 fmul  :   0 fmuls :   0 fmulsu:   0 icall :   2 ijmp  :   0 
in    :   5 inc   :   3 jmp   :  23 ld    :  36 ldd   :  77 ldi   : 107 
lds   :   0 lpm   :  14 lsl   :   1 lsr   :   0 mov   :  21 movw  :  22 
mul   :   4 muls  :   0 mulsu :   0 neg   :   2 nop   :   0 or    :   1 
ori   :   7 out   :  18 pop   :   4 push  :   4 rcall :  18 ret   :  27 
reti  :   1 rjmp  :  62 rol   :   7 ror   :   0 sbc   :   5 sbci  :   2 
sbi   :   5 sbic  :   0 sbis  :   0 sbiw  :  19 sbr   :   1 sbrc  :   2 
sbrs  :  12 sec   :   0 seh   :   0 sei   :   1 sen   :   0 ser   :   0 
ses   :   0 set   :   1 sev   :   0 sez   :   0 sleep :   0 spm   :   0 
st    :  67 std   :  31 sts   :   6 sub   :   3 subi  :  16 swap  :   1 
tst   :   4 wdr   :   1 
Instructions used: 64 out of 116 (55.2%)

ATmega16 memory use summary [bytes]:
Segment   Begin    End      Code   Data   Used    Size   Use%
---------------------------------------------------------------
[.cseg] 0x000000 0x0007a4   1910     46   1956   16384  11.9%
[.dseg] 0x000060 0x00017e      0     30     30    1024   2.9%
[.eseg] 0x000000 0x000000      0      0      0     512   0.0%

Assembly complete, 0 errors, 10 warnings
